<?xml version="1.0" encoding="UTF-8"?>
<!-- Generated by org.testng.reporters.JUnitReportReporter -->
<testsuite hostname="LAPTOP-NAR7DPDD" failures="0" tests="1" name="com.nopcommerce.testCases.dummy" time="11.477" errors="0" timestamp="10 Feb 2021 22:25:54 GMT" skipped="0">
  <testcase classname="com.nopcommerce.testCases.dummy" name="loginTest" time="11.477"/>
</testsuite> <!-- com.nopcommerce.testCases.dummy -->
