<?xml version="1.0" encoding="UTF-8"?>
<!-- Generated by org.testng.reporters.JUnitReportReporter -->
<testsuite hostname="LAPTOP-NAR7DPDD" failures="0" tests="1" name="com.nopcommerce.testCases.TC_AddCustomer_003" time="28.822" errors="0" timestamp="14 Feb 2021 00:15:58 GMT" skipped="0">
  <testcase classname="com.nopcommerce.testCases.TC_AddCustomer_003" name="addNewCustomer" time="28.822"/>
</testsuite> <!-- com.nopcommerce.testCases.TC_AddCustomer_003 -->
