<?xml version="1.0" encoding="UTF-8"?>
<!-- Generated by org.testng.reporters.JUnitReportReporter -->
<testsuite hostname="LAPTOP-NAR7DPDD" failures="0" tests="1" name="com.nopcommerce.testCases.TC_Searchbyname_005" time="30.009" errors="0" timestamp="14 Feb 2021 00:53:46 GMT" skipped="0">
  <testcase classname="com.nopcommerce.testCases.TC_Searchbyname_005" name="searchCustomerbyName" time="30.009"/>
</testsuite> <!-- com.nopcommerce.testCases.TC_Searchbyname_005 -->
