<?xml version="1.0" encoding="UTF-8"?>
<!-- Generated by org.testng.reporters.JUnitReportReporter -->
<testsuite hostname="LAPTOP-NAR7DPDD" failures="0" tests="4" name="com.nopcommerce.testCases.TC_LoginDDT_002" time="86.363" errors="0" timestamp="11 Feb 2021 21:19:04 GMT" skipped="0">
  <testcase classname="com.nopcommerce.testCases.TC_LoginDDT_002" name="loginTest" time="6.106"/>
  <testcase classname="com.nopcommerce.testCases.TC_LoginDDT_002" name="loginTest" time="8.575"/>
  <testcase classname="com.nopcommerce.testCases.TC_LoginDDT_002" name="loginTest" time="63.572"/>
  <testcase classname="com.nopcommerce.testCases.TC_LoginDDT_002" name="loginTest" time="8.110"/>
</testsuite> <!-- com.nopcommerce.testCases.TC_LoginDDT_002 -->
